<?xml version="1.0" encoding="UTF-8"?>
<!-- Generated by org.testng.reporters.JUnitReportReporter -->
<testsuite hostname="cpm10041" name="com.github.maricn.AppTest" tests="1" failures="0" timestamp="20 Jan 2017 13:06:13 GMT" time="0.216" errors="0">
  <testcase name="testGreeting" time="0.216" classname="com.github.maricn.AppTest"/>
</testsuite> <!-- com.github.maricn.AppTest -->
